Removed Pin From Net: NetName=Vin Pin=P?-1
Removed Pin From Net: NetName=GND Pin=P?-2
Added Pin To Net: NetName=Vin Pin=*-A9
Added Pin To Net: NetName=GND Pin=*-A12
Added Pin To Net: NetName=Vin Pin=*-B9
Added Pin To Net: NetName=GND Pin=*-B12
Added Member To Class: ClassName=WLED_SCH Member=Component C? 22uF/16V
Added Member To Class: ClassName=WLED_SCH Member=Component C? 22uF/16V
Added Member To Class: ClassName=WLED_SCH Member=Component C? 10uF
Added Member To Class: ClassName=WLED_SCH Member=Component C? 100nF
Added Member To Class: ClassName=WLED_SCH Member=Component C? 100nF
Added Member To Class: ClassName=WLED_SCH Member=Component C? 10uF
Added Member To Class: ClassName=WLED_SCH Member=Component C? 10uF
Added Member To Class: ClassName=WLED_SCH Member=Component D? 1N4007
Added Member To Class: ClassName=WLED_SCH Member=Component P? Header 5P
Added Member To Class: ClassName=WLED_SCH Member=Component R? 10K
Added Member To Class: ClassName=WLED_SCH Member=Component R? 10K
Added Member To Class: ClassName=WLED_SCH Member=Component R? 10K
Added Member To Class: ClassName=WLED_SCH Member=Component R? 10K
Added Member To Class: ClassName=WLED_SCH Member=Component U? LM1084ISX-5.0/NOPB
Added Member To Class: ClassName=WLED_SCH Member=Component U? SN74AHCT125N
Added Room: Name=WLED_SCH
